#
# There is insufficient memory for the Java Runtime Environment to continue.
# Native memory allocation (malloc) failed to allocate 100016 bytes for Chunk::new
# Possible reasons:
#   The system is out of physical RAM or swap space
#   In 32 bit mode, the process size limit was hit
# Possible solutions:
#   Reduce memory load on the system
#   Increase physical memory or swap space
#   Check if swap backing store is full
#   Use 64 bit Java on a 64 bit OS
#   Decrease Java heap size (-Xmx/-Xms)
#   Decrease number of Java threads
#   Decrease Java thread stack sizes (-Xss)
#   Set larger code cache with -XX:ReservedCodeCacheSize=
# This output file may be truncated or incomplete.
#
#  Out of Memory Error (allocation.cpp:328), pid=9352, tid=8836
#
# JRE version: 7.0_21-b11
# Java VM: Java HotSpot(TM) 64-Bit Server VM (23.21-b01 mixed mode windows-amd64 compressed oops)
# Failed to write core dump. Minidumps are not enabled by default on client versions of Windows
#

---------------  T H R E A D  ---------------

Current thread (0x000000000b662000):  JavaThread "C2 CompilerThread0" daemon [_thread_in_native, id=8836, stack(0x000000000c5b0000,0x000000000c6b0000)]

Stack: [0x000000000c5b0000,0x000000000c6b0000]
[error occurred during error reporting (printing stack bounds), id 0xc0000005]


[error occurred during error reporting (printing native stack), id 0xc0000005]


Current CompileTask:
C2:  17125  254             sun.nio.cs.StreamDecoder::implRead (243 bytes)


---------------  P R O C E S S  ---------------

Java Threads: ( => current thread )
  0x000000000d787800 JavaThread "Thread-3" [_thread_in_native, id=3096, stack(0x0000000016230000,0x0000000016330000)]
  0x00000000125ce000 JavaThread "TimerQueue" daemon [_thread_blocked, id=10156, stack(0x0000000016130000,0x0000000016230000)]
  0x0000000012965000 JavaThread "Swing-Shell" daemon [_thread_blocked, id=8136, stack(0x0000000015950000,0x0000000015a50000)]
  0x000000000230d000 JavaThread "DestroyJavaVM" [_thread_blocked, id=9024, stack(0x0000000002340000,0x0000000002440000)]
  0x000000000d556000 JavaThread "AWT-EventQueue-0" [_thread_blocked, id=1588, stack(0x0000000011bf0000,0x0000000011cf0000)]
  0x000000000d4e7800 JavaThread "AWT-Windows" daemon [_thread_in_native, id=4320, stack(0x000000000db20000,0x000000000dc20000)]
  0x000000000d472800 JavaThread "AWT-Shutdown" [_thread_blocked, id=9496, stack(0x000000000d920000,0x000000000da20000)]
  0x000000000d498800 JavaThread "Java2D Disposer" daemon [_thread_blocked, id=7216, stack(0x000000000cf60000,0x000000000d060000)]
  0x000000000b670800 JavaThread "Service Thread" daemon [_thread_blocked, id=7232, stack(0x000000000cba0000,0x000000000cca0000)]
  0x000000000b667000 JavaThread "C2 CompilerThread1" daemon [_thread_blocked, id=7304, stack(0x000000000d090000,0x000000000d190000)]
=>0x000000000b662000 JavaThread "C2 CompilerThread0" daemon [_thread_in_native, id=8836, stack(0x000000000c5b0000,0x000000000c6b0000)]
  0x000000000b65d000 JavaThread "Attach Listener" daemon [_thread_blocked, id=8356, stack(0x000000000ce20000,0x000000000cf20000)]
  0x000000000b656000 JavaThread "Signal Dispatcher" daemon [_thread_blocked, id=7784, stack(0x000000000ccb0000,0x000000000cdb0000)]
  0x00000000022e6800 JavaThread "Finalizer" daemon [_thread_blocked, id=9748, stack(0x000000000ca90000,0x000000000cb90000)]
  0x00000000022de800 JavaThread "Reference Handler" daemon [_thread_blocked, id=4996, stack(0x000000000c930000,0x000000000ca30000)]

Other Threads:
  0x000000000b5b3000 VMThread [stack: 0x000000000c720000,0x000000000c820000] [id=6716]
  0x000000000b679000 WatcherThread [stack: 0x000000000d290000,0x000000000d390000] [id=9700]

VM state:not at safepoint (normal execution)

VM Mutex/Monitor currently owned by a thread: None

Heap
 PSYoungGen      total 154816K, used 103586K [0x00000007d6200000, 0x00000007eb820000, 0x0000000800000000)
  eden space 125312K, 82% used [0x00000007d6200000,0x00000007dc728bc0,0x00000007ddc60000)
  from space 29504K, 0% used [0x00000007ddc60000,0x00000007ddc60000,0x00000007df930000)
  to   space 49856K, 0% used [0x00000007e8770000,0x00000007e8770000,0x00000007eb820000)
 ParOldGen       total 85760K, used 85756K [0x0000000782600000, 0x00000007879c0000, 0x00000007d6200000)
  object space 85760K, 99% used [0x0000000782600000,0x00000007879bf2e8,0x00000007879c0000)
 PSPermGen       total 34176K, used 15699K [0x000000077d400000, 0x000000077f560000, 0x0000000782600000)
  object space 34176K, 45% used [0x000000077d400000,0x000000077e354c88,0x000000077f560000)

Card table byte_map: [0x0000000005500000,0x0000000005920000] byte_map_base: 0x0000000001916000

Polling page: 0x0000000000210000

Code Cache  [0x0000000002440000, 0x00000000026b0000, 0x0000000005440000)
 total_blobs=697 nmethods=251 adapters=397 free_code_cache=48165Kb largest_free_block=49286144

Compilation events (10 events):
Event: 16.245 Thread 0x000000000b667000 nmethod 249 0x0000000002538490 code [0x00000000025385e0, 0x00000000025387c8]
Event: 16.276 Thread 0x000000000b662000  250             java.nio.Buffer::capacity (5 bytes)
Event: 16.276 Thread 0x000000000b662000 nmethod 250 0x0000000002539090 code [0x00000000025391c0, 0x0000000002539218]
Event: 16.878 Thread 0x000000000b667000  251             java.lang.ThreadLocal::getMap (5 bytes)
Event: 16.878 Thread 0x000000000b662000  252             java.lang.ThreadLocal::access$400 (5 bytes)
Event: 16.878 Thread 0x000000000b667000 nmethod 251 0x000000000253ae10 code [0x000000000253af40, 0x000000000253afb8]
Event: 16.878 Thread 0x000000000b662000 nmethod 252 0x000000000253ab90 code [0x000000000253acc0, 0x000000000253ad18]
Event: 17.027 Thread 0x000000000b662000  253             java.util.ArrayList::access$100 (5 bytes)
Event: 17.028 Thread 0x000000000b662000 nmethod 253 0x0000000002538290 code [0x00000000025383c0, 0x0000000002538418]
Event: 17.106 Thread 0x000000000b662000  254             sun.nio.cs.StreamDecoder::implRead (243 bytes)

GC Heap History (10 events):
Event: 15.042 GC heap before
{Heap before GC invocations=6 (full 0):
 PSYoungGen      total 69824K, used 69809K [0x00000007d6200000, 0x00000007e1260000, 0x0000000800000000)
  eden space 64512K, 100% used [0x00000007d6200000,0x00000007da100000,0x00000007da100000)
  from space 5312K, 99% used [0x00000007da100000,0x00000007da62c6e0,0x00000007da630000)
  to   space 25792K, 0% used [0x00000007df930000,0x00000007df930000,0x00000007e1260000)
 ParOldGen       total 85760K, used 48986K [0x0000000782600000, 0x00000007879c0000, 0x00000007d6200000)
  object space 85760K, 57% used [0x0000000782600000,0x00000007855d6be0,0x00000007879c0000)
 PSPermGen       total 21248K, used 15404K [0x000000077d400000, 0x000000077e8c0000, 0x0000000782600000)
  object space 21248K, 72% used [0x000000077d400000,0x000000077e30b2f8,0x000000077e8c0000)
Event: 15.066 GC heap after
Heap after GC invocations=6 (full 0):
 PSYoungGen      total 151104K, used 24689K [0x00000007d6200000, 0x00000007e19a0000, 0x0000000800000000)
  eden space 125312K, 0% used [0x00000007d6200000,0x00000007d6200000,0x00000007ddc60000)
  from space 25792K, 95% used [0x00000007df930000,0x00000007e114c6c0,0x00000007e1260000)
  to   space 29504K, 0% used [0x00000007ddc60000,0x00000007ddc60000,0x00000007df930000)
 ParOldGen       total 85760K, used 48986K [0x0000000782600000, 0x00000007879c0000, 0x00000007d6200000)
  object space 85760K, 57% used [0x0000000782600000,0x00000007855d6be0,0x00000007879c0000)
 PSPermGen       total 21248K, used 15404K [0x000000077d400000, 0x000000077e8c0000, 0x0000000782600000)
  object space 21248K, 72% used [0x000000077d400000,0x000000077e30b2f8,0x000000077e8c0000)
}
Event: 15.236 GC heap before
{Heap before GC invocations=7 (full 0):
 PSYoungGen      total 151104K, used 150001K [0x00000007d6200000, 0x00000007e19a0000, 0x0000000800000000)
  eden space 125312K, 100% used [0x00000007d6200000,0x00000007ddc60000,0x00000007ddc60000)
  from space 25792K, 95% used [0x00000007df930000,0x00000007e114c6c0,0x00000007e1260000)
  to   space 29504K, 0% used [0x00000007ddc60000,0x00000007ddc60000,0x00000007df930000)
 ParOldGen       total 85760K, used 48986K [0x0000000782600000, 0x00000007879c0000, 0x00000007d6200000)
  object space 85760K, 57% used [0x0000000782600000,0x00000007855d6be0,0x00000007879c0000)
 PSPermGen       total 21248K, used 15405K [0x000000077d400000, 0x000000077e8c0000, 0x0000000782600000)
  object space 21248K, 72% used [0x000000077d400000,0x000000077e30b6d8,0x000000077e8c0000)
Event: 15.286 GC heap after
Heap after GC invocations=7 (full 0):
 PSYoungGen      total 154816K, used 29472K [0x00000007d6200000, 0x00000007eb820000, 0x0000000800000000)
  eden space 125312K, 0% used [0x00000007d6200000,0x00000007d6200000,0x00000007ddc60000)
  from space 29504K, 99% used [0x00000007ddc60000,0x00000007df928010,0x00000007df930000)
  to   space 49856K, 0% used [0x00000007e8770000,0x00000007e8770000,0x00000007eb820000)
 ParOldGen       total 85760K, used 80342K [0x0000000782600000, 0x00000007879c0000, 0x00000007d6200000)
  object space 85760K, 93% used [0x0000000782600000,0x0000000787475870,0x00000007879c0000)
 PSPermGen       total 21248K, used 15405K [0x000000077d400000, 0x000000077e8c0000, 0x0000000782600000)
  object space 21248K, 72% used [0x000000077d400000,0x000000077e30b6d8,0x000000077e8c0000)
}
Event: 15.286 GC heap before
{Heap before GC invocations=8 (full 1):
 PSYoungGen      total 154816K, used 29472K [0x00000007d6200000, 0x00000007eb820000, 0x0000000800000000)
  eden space 125312K, 0% used [0x00000007d6200000,0x00000007d6200000,0x00000007ddc60000)
  from space 29504K, 99% used [0x00000007ddc60000,0x00000007df928010,0x00000007df930000)
  to   space 49856K, 0% used [0x00000007e8770000,0x00000007e8770000,0x00000007eb820000)
 ParOldGen       total 85760K, used 80342K [0x0000000782600000, 0x00000007879c0000, 0x00000007d6200000)
  object space 85760K, 93% used [0x0000000782600000,0x0000000787475870,0x00000007879c0000)
 PSPermGen       total 21248K, used 15405K [0x000000077d400000, 0x000000077e8c0000, 0x0000000782600000)
  object space 21248K, 72% used [0x000000077d400000,0x000000077e30b6d8,0x000000077e8c0000)
Event: 15.664 GC heap after
Heap after GC invocations=8 (full 1):
 PSYoungGen      total 154816K, used 22676K [0x00000007d6200000, 0x00000007eb820000, 0x0000000800000000)
  eden space 125312K, 0% used [0x00000007d6200000,0x00000007d6200000,0x00000007ddc60000)
  from space 29504K, 76% used [0x00000007ddc60000,0x00000007df285218,0x00000007df930000)
  to   space 49856K, 0% used [0x00000007e8770000,0x00000007e8770000,0x00000007eb820000)
 ParOldGen       total 85760K, used 85759K [0x0000000782600000, 0x00000007879c0000, 0x00000007d6200000)
  object space 85760K, 99% used [0x0000000782600000,0x00000007879bfcc8,0x00000007879c0000)
 PSPermGen       total 31104K, used 15398K [0x000000077d400000, 0x000000077f260000, 0x0000000782600000)
  object space 31104K, 49% used [0x000000077d400000,0x000000077e309a30,0x000000077f260000)
}
Event: 15.877 GC heap before
{Heap before GC invocations=9 (full 2):
 PSYoungGen      total 154816K, used 147988K [0x00000007d6200000, 0x00000007eb820000, 0x0000000800000000)
  eden space 125312K, 100% used [0x00000007d6200000,0x00000007ddc60000,0x00000007ddc60000)
  from space 29504K, 76% used [0x00000007ddc60000,0x00000007df285218,0x00000007df930000)
  to   space 49856K, 0% used [0x00000007e8770000,0x00000007e8770000,0x00000007eb820000)
 ParOldGen       total 85760K, used 85759K [0x0000000782600000, 0x00000007879c0000, 0x00000007d6200000)
  object space 85760K, 99% used [0x0000000782600000,0x00000007879bfcc8,0x00000007879c0000)
 PSPermGen       total 31104K, used 15398K [0x000000077d400000, 0x000000077f260000, 0x0000000782600000)
  object space 31104K, 49% used [0x000000077d400000,0x000000077e309a30,0x000000077f260000)
Event: 16.242 GC heap after
Heap after GC invocations=9 (full 2):
 PSYoungGen      total 154816K, used 60696K [0x00000007d6200000, 0x00000007eb820000, 0x0000000800000000)
  eden space 125312K, 48% used [0x00000007d6200000,0x00000007d9d46200,0x00000007ddc60000)
  from space 29504K, 0% used [0x00000007ddc60000,0x00000007ddc60000,0x00000007df930000)
  to   space 49856K, 0% used [0x00000007e8770000,0x00000007e8770000,0x00000007eb820000)
 ParOldGen       total 85760K, used 85759K [0x0000000782600000, 0x00000007879c0000, 0x00000007d6200000)
  object space 85760K, 99% used [0x0000000782600000,0x00000007879bfc88,0x00000007879c0000)
 PSPermGen       total 35200K, used 15398K [0x000000077d400000, 0x000000077f660000, 0x0000000782600000)
  object space 35200K, 43% used [0x000000077d400000,0x000000077e309a30,0x000000077f660000)
}
Event: 16.520 GC heap before
{Heap before GC invocations=10 (full 3):
 PSYoungGen      total 154816K, used 125312K [0x00000007d6200000, 0x00000007eb820000, 0x0000000800000000)
  eden space 125312K, 100% used [0x00000007d6200000,0x00000007ddc60000,0x00000007ddc60000)
  from space 29504K, 0% used [0x00000007ddc60000,0x00000007ddc60000,0x00000007df930000)
  to   space 49856K, 0% used [0x00000007e8770000,0x00000007e8770000,0x00000007eb820000)
 ParOldGen       total 85760K, used 85759K [0x0000000782600000, 0x00000007879c0000, 0x00000007d6200000)
  object space 85760K, 99% used [0x0000000782600000,0x00000007879bfc88,0x00000007879c0000)
 PSPermGen       total 35200K, used 15696K [0x000000077d400000, 0x000000077f660000, 0x0000000782600000)
  object space 35200K, 44% used [0x000000077d400000,0x000000077e354180,0x000000077f660000)
Event: 16.876 GC heap after
Heap after GC invocations=10 (full 3):
 PSYoungGen      total 154816K, used 78046K [0x00000007d6200000, 0x00000007eb820000, 0x0000000800000000)
  eden space 125312K, 62% used [0x00000007d6200000,0x00000007dae37b40,0x00000007ddc60000)
  from space 29504K, 0% used [0x00000007ddc60000,0x00000007ddc60000,0x00000007df930000)
  to   space 49856K, 0% used [0x00000007e8770000,0x00000007e8770000,0x00000007eb820000)
 ParOldGen       total 85760K, used 85756K [0x0000000782600000, 0x00000007879c0000, 0x00000007d6200000)
  object space 85760K, 99% used [0x0000000782600000,0x00000007879bf2e8,0x00000007879c0000)
 PSPermGen       total 34176K, used 15696K [0x000000077d400000, 0x000000077f560000, 0x0000000782600000)
  object space 34176K, 45% used [0x000000077d400000,0x000000077e354180,0x000000077f560000)
}

Deoptimization events (10 events):
Event: 1.156 Thread 0x000000000d556000 Uncommon trap -34 fr.pc 0x00000000024b18d0
Event: 1.165 Thread 0x000000000d556000 Uncommon trap -34 fr.pc 0x00000000024b18d0
Event: 1.165 Thread 0x000000000d556000 Uncommon trap -34 fr.pc 0x00000000024b18d0
Event: 14.544 Thread 0x000000000d787800 Uncommon trap -83 fr.pc 0x0000000002516a9c
Event: 16.330 Thread 0x000000000d787800 Uncommon trap -12 fr.pc 0x0000000002532f7c
Event: 16.330 Thread 0x000000000d787800 Uncommon trap -83 fr.pc 0x000000000250c498
Event: 16.330 Thread 0x000000000d787800 Uncommon trap -83 fr.pc 0x000000000250dbcc
Event: 16.330 Thread 0x000000000d787800 Uncommon trap -83 fr.pc 0x00000000025004b4
Event: 16.340 Thread 0x000000000d787800 Uncommon trap -12 fr.pc 0x000000000250cbdc
Event: 16.340 Thread 0x000000000d787800 Uncommon trap -34 fr.pc 0x00000000024bf520

Internal exceptions (10 events):
Event: 16.335 Thread 0x000000000d787800 Threw 0x00000007dcde5d90 at C:\jdk7u2_64p\jdk7u21\hotspot\src\share\vm\prims\jvm.cpp:1166
Event: 16.336 Thread 0x000000000d787800 Threw 0x00000007dcde8e90 at C:\jdk7u2_64p\jdk7u21\hotspot\src\share\vm\prims\jvm.cpp:1166
Event: 16.338 Thread 0x000000000d787800 Threw 0x00000007dcdf76d0 at C:\jdk7u2_64p\jdk7u21\hotspot\src\share\vm\prims\jvm.cpp:1166
Event: 16.341 Thread 0x000000000d787800 Threw 0x00000007dce36af8 at C:\jdk7u2_64p\jdk7u21\hotspot\src\share\vm\prims\jvm.cpp:1166
Event: 16.342 Thread 0x000000000d787800 Threw 0x00000007dce3a2d0 at C:\jdk7u2_64p\jdk7u21\hotspot\src\share\vm\prims\jvm.cpp:1166
Event: 16.343 Thread 0x000000000d787800 Threw 0x00000007dce3ebc0 at C:\jdk7u2_64p\jdk7u21\hotspot\src\share\vm\prims\jvm.cpp:1166
Event: 16.345 Thread 0x000000000d787800 Threw 0x00000007dce470c8 at C:\jdk7u2_64p\jdk7u21\hotspot\src\share\vm\prims\jvm.cpp:1166
Event: 16.346 Thread 0x000000000d787800 Threw 0x00000007dce4ac58 at C:\jdk7u2_64p\jdk7u21\hotspot\src\share\vm\prims\jvm.cpp:1166
Event: 16.347 Thread 0x000000000d787800 Threw 0x00000007dce65890 at C:\jdk7u2_64p\jdk7u21\hotspot\src\share\vm\prims\jvm.cpp:1166
Event: 16.348 Thread 0x000000000d787800 Threw 0x00000007dce6b358 at C:\jdk7u2_64p\jdk7u21\hotspot\src\share\vm\prims\jvm.cpp:1166

Events (10 events):
Event: 16.877 Executing VM operation: RevokeBias
Event: 16.877 Executing VM operation: RevokeBias done
Event: 16.877 Executing VM operation: RevokeBias
Event: 16.877 Executing VM operation: RevokeBias done
Event: 16.877 Executing VM operation: RevokeBias
Event: 16.877 Executing VM operation: RevokeBias done
Event: 16.877 Executing VM operation: RevokeBias
Event: 16.877 Executing VM operation: RevokeBias done
Event: 16.877 Executing VM operation: BulkRevokeBias
Event: 16.877 Executing VM operation: BulkRevokeBias done


Dynamic libraries:
0x000000013fcd0000 - 0x000000013fd03000 	D:\Java\jdk1.7.0_21\bin\javaw.exe
0x00000000772c0000 - 0x0000000077469000 	C:\Windows\SYSTEM32\ntdll.dll
0x0000000076e10000 - 0x0000000076f2f000 	C:\Windows\system32\kernel32.dll
0x000007fefd880000 - 0x000007fefd8ec000 	C:\Windows\system32\KERNELBASE.dll
0x000007feff120000 - 0x000007feff1fb000 	C:\Windows\system32\ADVAPI32.dll
0x000007fefde00000 - 0x000007fefde9f000 	C:\Windows\system32\msvcrt.dll
0x000007feff280000 - 0x000007feff29f000 	C:\Windows\SYSTEM32\sechost.dll
0x000007fefdad0000 - 0x000007fefdbfd000 	C:\Windows\system32\RPCRT4.dll
0x0000000077070000 - 0x000000007716a000 	C:\Windows\system32\USER32.dll
0x000007feff300000 - 0x000007feff367000 	C:\Windows\system32\GDI32.dll
0x000007fefdd50000 - 0x000007fefdd5e000 	C:\Windows\system32\LPK.dll
0x000007fefd960000 - 0x000007fefda2a000 	C:\Windows\system32\USP10.dll
0x000007fefbf60000 - 0x000007fefc154000 	C:\Windows\WinSxS\amd64_microsoft.windows.common-controls_6595b64144ccf1df_6.0.7601.18837_none_fa3b1e3d17594757\COMCTL32.dll
0x000007feff200000 - 0x000007feff271000 	C:\Windows\system32\SHLWAPI.dll
0x000007feff0f0000 - 0x000007feff11e000 	C:\Windows\system32\IMM32.DLL
0x000007fefe0b0000 - 0x000007fefe1b9000 	C:\Windows\system32\MSCTF.dll
0x000007fefd4b0000 - 0x000007fefd4f0000 	C:\Windows\system32\nvinitx.dll
0x000000006c670000 - 0x000000006c741000 	D:\Java\jdk1.7.0_21\jre\bin\msvcr100.dll
0x000000006e5e0000 - 0x000000006ed01000 	D:\Java\jdk1.7.0_21\jre\bin\server\jvm.dll
0x000007fefbea0000 - 0x000007fefbea9000 	C:\Windows\system32\WSOCK32.dll
0x000007fefdc00000 - 0x000007fefdc4d000 	C:\Windows\system32\WS2_32.dll
0x000007fefda30000 - 0x000007fefda38000 	C:\Windows\system32\NSI.dll
0x000007fefd6b0000 - 0x000007fefd6eb000 	C:\Windows\system32\WINMM.dll
0x0000000077480000 - 0x0000000077487000 	C:\Windows\system32\PSAPI.DLL
0x000000006efa0000 - 0x000000006efaf000 	D:\Java\jdk1.7.0_21\jre\bin\verify.dll
0x000000006c940000 - 0x000000006c968000 	D:\Java\jdk1.7.0_21\jre\bin\java.dll
0x000000006c850000 - 0x000000006c865000 	D:\Java\jdk1.7.0_21\jre\bin\zip.dll
0x000000006cb40000 - 0x000000006ccd3000 	D:\Java\jdk1.7.0_21\jre\bin\awt.dll
0x000007fefdc70000 - 0x000007fefdd47000 	C:\Windows\system32\OLEAUT32.dll
0x000007fefdea0000 - 0x000007fefe0a3000 	C:\Windows\system32\ole32.dll
0x000007fefbc10000 - 0x000007fefbc66000 	C:\Windows\system32\uxtheme.dll
0x000007fefd340000 - 0x000007fefd397000 	C:\Windows\system32\apphelp.dll
0x000007fef5fa0000 - 0x000007fef6763000 	C:\Windows\system32\SOGOUPY.IME
0x000007fefa4d0000 - 0x000007fefa4d7000 	C:\Windows\system32\MSIMG32.dll
0x000007fefa9a0000 - 0x000007fefa9f4000 	C:\Windows\system32\OLEACC.dll
0x000007fefbcd0000 - 0x000007fefbcfd000 	C:\Windows\system32\ntmarta.dll
0x000007feff2a0000 - 0x000007feff2f2000 	C:\Windows\system32\WLDAP32.dll
0x000007fefc5f0000 - 0x000007fefc5fc000 	C:\Windows\system32\VERSION.dll
0x000007fefe360000 - 0x000007feff0e9000 	C:\Windows\system32\SHELL32.dll
0x000007fefd6f0000 - 0x000007fefd708000 	C:\Windows\system32\dwmapi.dll
0x000007fefd3a0000 - 0x000007fefd3af000 	C:\Windows\system32\CRYPTBASE.dll
0x000007fef4f10000 - 0x000007fef4f3a000 	D:\Program Files (x86)\SogouInput\Components\SgAppender\1.0.0.207\SgAppender_Dll64.dll
0x000007fef4e90000 - 0x000007fef4ede000 	D:\Program Files (x86)\SogouInput\Components\SGImeGuard\1.0.0.27\SGImeGuard64.dll
0x000000006c980000 - 0x000000006c9be000 	D:\Java\jdk1.7.0_21\jre\bin\fontmanager.dll
0x000000006c830000 - 0x000000006c849000 	D:\Java\jdk1.7.0_21\jre\bin\net.dll
0x000007fefcce0000 - 0x000007fefcd35000 	C:\Windows\system32\mswsock.dll
0x000007fefccd0000 - 0x000007fefccd7000 	C:\Windows\System32\wship6.dll
0x000000006c650000 - 0x000000006c661000 	D:\Java\jdk1.7.0_21\jre\bin\nio.dll
0x000007fefa430000 - 0x000007fefa4d0000 	C:\Windows\WinSxS\amd64_microsoft.windows.common-controls_6595b64144ccf1df_5.82.7601.18837_none_a4d981ff711297b6\comctl32.dll
0x000000006e380000 - 0x000000006e3c1000 	D:\Java\jdk1.7.0_21\jre\bin\t2k.dll
0x000007fefdd60000 - 0x000007fefddf9000 	C:\Windows\system32\CLBCatQ.DLL
0x000007fefb1f0000 - 0x000007fefb31a000 	C:\Windows\system32\WindowsCodecs.dll
0x000007fef4df0000 - 0x000007fef4e2a000 	D:\Program Files (x86)\360\360safe\safemon\360UDiskGuard64.dll
0x000007feff370000 - 0x000007feff547000 	C:\Windows\system32\SETUPAPI.dll
0x000007fefd920000 - 0x000007fefd956000 	C:\Windows\system32\CFGMGR32.dll
0x000007fefd690000 - 0x000007fefd6aa000 	C:\Windows\system32\DEVOBJ.dll
0x000000006acd0000 - 0x000000006acf0000 	C:\Program Files\Common Files\TortoiseOverlays\TortoiseOverlays.dll
0x000000006ac60000 - 0x000000006ac7a000 	D:\Program Files\TortoiseSVN\bin\TortoiseStub.dll
0x000000006a8d0000 - 0x000000006a957000 	D:\Program Files\TortoiseSVN\bin\TortoiseSVN.dll
0x0000000076cb0000 - 0x0000000076e0a000 	C:\Windows\system32\WININET.dll
0x0000000077490000 - 0x0000000077493000 	C:\Windows\system32\Normaliz.dll
0x0000000076aa0000 - 0x0000000076caf000 	C:\Windows\system32\iertutil.dll
0x0000000077170000 - 0x00000000772bd000 	C:\Windows\system32\urlmon.dll
0x000007fef46b0000 - 0x000007fef4c5c000 	D:\Program Files\TortoiseSVN\bin\libsvn_tsvn.dll
0x000000006a890000 - 0x000000006a8c4000 	D:\Program Files\TortoiseSVN\bin\libapr_tsvn.dll
0x000007fef4690000 - 0x000007fef46a7000 	D:\Program Files\TortoiseSVN\bin\VCRUNTIME140.dll
0x000007fef4680000 - 0x000007fef4684000 	D:\Program Files\TortoiseSVN\bin\api-ms-win-crt-runtime-l1-1-0.dll
0x000007fef4580000 - 0x000007fef4674000 	D:\Program Files\TortoiseSVN\bin\ucrtbase.DLL
0x000007fef4570000 - 0x000007fef4573000 	D:\Program Files\TortoiseSVN\bin\api-ms-win-core-timezone-l1-1-0.dll
0x000007fef4560000 - 0x000007fef4563000 	D:\Program Files\TortoiseSVN\bin\api-ms-win-core-file-l2-1-0.dll
0x000007fef4550000 - 0x000007fef4553000 	D:\Program Files\TortoiseSVN\bin\api-ms-win-core-localization-l1-2-0.dll
0x000007fef4540000 - 0x000007fef4543000 	D:\Program Files\TortoiseSVN\bin\api-ms-win-core-synch-l1-2-0.dll
0x000007fef4530000 - 0x000007fef4533000 	D:\Program Files\TortoiseSVN\bin\api-ms-win-core-processthreads-l1-1-1.dll
0x000007fef4520000 - 0x000007fef4523000 	D:\Program Files\TortoiseSVN\bin\api-ms-win-core-file-l1-2-0.dll
0x000007fef4510000 - 0x000007fef4514000 	D:\Program Files\TortoiseSVN\bin\api-ms-win-crt-string-l1-1-0.dll
0x000007fef4500000 - 0x000007fef4503000 	D:\Program Files\TortoiseSVN\bin\api-ms-win-crt-heap-l1-1-0.dll
0x000007fef44f0000 - 0x000007fef44f4000 	D:\Program Files\TortoiseSVN\bin\api-ms-win-crt-stdio-l1-1-0.dll
0x000007fef44e0000 - 0x000007fef44e4000 	D:\Program Files\TortoiseSVN\bin\api-ms-win-crt-convert-l1-1-0.dll
0x000007fef44d0000 - 0x000007fef44d3000 	D:\Program Files\TortoiseSVN\bin\api-ms-win-crt-conio-l1-1-0.dll
0x000007fef44c0000 - 0x000007fef44c3000 	D:\Program Files\TortoiseSVN\bin\api-ms-win-crt-utility-l1-1-0.dll
0x000007fef44b0000 - 0x000007fef44b5000 	D:\Program Files\TortoiseSVN\bin\api-ms-win-crt-math-l1-1-0.dll
0x000007fef44a0000 - 0x000007fef44a3000 	D:\Program Files\TortoiseSVN\bin\api-ms-win-crt-environment-l1-1-0.dll
0x000007fef4490000 - 0x000007fef4493000 	D:\Program Files\TortoiseSVN\bin\api-ms-win-crt-time-l1-1-0.dll
0x000000006a7c0000 - 0x000000006a806000 	D:\Program Files\TortoiseSVN\bin\libaprutil_tsvn.dll
0x000007fef4470000 - 0x000007fef4483000 	D:\Program Files\TortoiseSVN\bin\intl3_tsvn.dll
0x000007fef4460000 - 0x000007fef4463000 	D:\Program Files\TortoiseSVN\bin\api-ms-win-crt-filesystem-l1-1-0.dll
0x000007fef4440000 - 0x000007fef445b000 	D:\Program Files\TortoiseSVN\bin\libsasl.dll
0x000007fefd080000 - 0x000007fefd08b000 	C:\Windows\system32\Secur32.dll
0x000007fefd310000 - 0x000007fefd335000 	C:\Windows\system32\SSPICLI.DLL
0x000007fefd710000 - 0x000007fefd87c000 	C:\Windows\system32\CRYPT32.dll
0x000007fefd590000 - 0x000007fefd59f000 	C:\Windows\system32\MSASN1.dll
0x000007fef4430000 - 0x000007fef4433000 	D:\Program Files\TortoiseSVN\bin\api-ms-win-crt-locale-l1-1-0.dll
0x000007fef4390000 - 0x000007fef442e000 	D:\Program Files\TortoiseSVN\bin\MSVCP140.dll
0x000007fef4380000 - 0x000007fef4385000 	D:\Program Files\TortoiseSVN\bin\api-ms-win-crt-multibyte-l1-1-0.dll
0x000007fef0a90000 - 0x000007fef0ac0000 	D:\Program Files\TortoiseSVN\bin\crshhndl.dll
0x000000006a850000 - 0x000000006a86b000 	D:\Program Files\TortoiseGit\bin\TortoiseGitStub.dll
0x000000006a730000 - 0x000000006a7be000 	D:\Program Files\TortoiseGit\bin\TortoiseGit.dll
0x000007fef09a0000 - 0x000007fef0a87000 	D:\Program Files\TortoiseGit\bin\libgit2_tgit.dll
0x000007fef8890000 - 0x000007fef8901000 	C:\Windows\system32\WINHTTP.dll
0x000007fef8820000 - 0x000007fef8884000 	C:\Windows\system32\webio.dll
0x000007fef0980000 - 0x000007fef0998000 	D:\Program Files\TortoiseGit\bin\zlib1_tgit.dll
0x000007fef0890000 - 0x000007fef097f000 	C:\Windows\system32\MSVCR120.dll
0x000007fef07a0000 - 0x000007fef088a000 	D:\Program Files\TortoiseGit\bin\gitdll.dll
0x000007fef06f0000 - 0x000007fef0796000 	C:\Windows\system32\MSVCP120.dll
0x000007fefd4f0000 - 0x000007fefd4ff000 	C:\Windows\system32\profapi.dll
0x000007fefcd40000 - 0x000007fefcd57000 	C:\Windows\system32\CRYPTSP.dll
0x000007fefca40000 - 0x000007fefca87000 	C:\Windows\system32\rsaenh.dll
0x000007fef06d0000 - 0x000007fef06e1000 	D:\Program Files\TortoiseGit\bin\crshhndl.dll
0x000007fef0650000 - 0x000007fef0685000 	C:\Windows\system32\EhStorShell.dll
0x000007fefbd00000 - 0x000007fefbe2c000 	C:\Windows\system32\PROPSYS.dll
0x000007fef05d0000 - 0x000007fef064e000 	C:\Windows\System32\cscui.dll
0x000007fef4370000 - 0x000007fef437c000 	C:\Windows\System32\CSCDLL.dll
0x000007fef7500000 - 0x000007fef750f000 	C:\Windows\system32\CSCAPI.dll
0x000007fef0550000 - 0x000007fef05d0000 	C:\Windows\system32\ntshrui.dll
0x000007fefcf50000 - 0x000007fefcf73000 	C:\Windows\system32\srvcli.dll
0x000007fefb450000 - 0x000007fefb45b000 	C:\Windows\system32\slc.dll
0x0000000013ed0000 - 0x0000000013f94000 	D:\Program Files (x86)\SogouInput\7.4.0.4502\Resource.dll
0x000007feee5f0000 - 0x000007feee78c000 	C:\Windows\system32\NetworkExplorer.dll
0x000007fef0170000 - 0x000007fef01a4000 	C:\Windows\System32\shdocvw.dll
0x000007fef6770000 - 0x000007fef6788000 	C:\Windows\system32\MPR.dll
0x000007fef7390000 - 0x000007fef739a000 	C:\Windows\System32\drprov.dll
0x000007fefd450000 - 0x000007fefd48d000 	C:\Windows\System32\WINSTA.dll
0x000007fef5f70000 - 0x000007fef5f92000 	C:\Windows\System32\ntlanman.dll
0x000007fef5f50000 - 0x000007fef5f6d000 	C:\Windows\System32\davclnt.dll
0x000007fef7280000 - 0x000007fef728a000 	C:\Windows\System32\DAVHLPR.dll
0x000007fefae40000 - 0x000007fefae55000 	C:\Windows\system32\wkscli.dll
0x000007fefae60000 - 0x000007fefae6c000 	C:\Windows\system32\netutils.dll
0x000007fee8ec0000 - 0x000007fee9131000 	C:\Windows\system32\wpdshext.dll

VM Arguments:
jvm_args: -Dfile.encoding=UTF-8 
java_command: com.zhangwei.ui.jtree.SmaliMain
Launcher Type: SUN_STANDARD

Environment Variables:
JAVA_HOME=D:\Java\jdk1.7.0_21
PATH=D:\gnuwin32\bin;D:\Perl\site\bin;D:\mysql\mysql-5.6.14-winx64\bin;D:\Perl\bin;C:\JAVA\jdk1.7.0_21\bin;D:\Program Files (x86)\SepanderSoft;D:\Python27\;D:\android\apache-ant-1.9.2\bin;D:\mongodb\mongodb-win32-x86_64-2.4.5\bin;C:\Windows\system32;C:\Windows;C:\Windows\System32\Wbem;C:\Windows\System32\WindowsPowerShell\v1.0\;D:\android\android-ndk-r8;D:\android\android-sdk-windows\tools;D:\android\android-sdk-windows\platform-tools;D:\Program Files (x86)\Windows7Master;D:\android\crack;D:\android\crack\dex2jar-0.0.9.15;D:\android\android-sdk-windows\platform-tools;D:\Program Files\MATLAB\R2010b\runtime\win64;D:\Program Files\MATLAB\R2010b\bin;D:\Program Files (x86)\scala\bin;D:\Java\apache-maven-3.2.5-bin\bin;D:\Program Files (x86)\GNU\GnuPG\pub;D:\go\golang\bin;D:\Program Files\Git\cmd;D:\Program Files\Git\mingw64\bin;D:\Program Files\Git\usr\bin;D:\Program Files\TortoiseSVN\bin;D:\Program Files\TortoiseGit\bin;D:\android\crack\AndroidKiller_v1.3.1\bin\jtree;D:\android\crack\dex-tools-2.1-SNAPSHOT;D:\android\crack;D:\android\gradle-2.8-all\bin;D:\android\apktool;D:\go\GOPATH\bin;D:\Program Files (x86)\OpenVPN\bin;C:\Program Files (x86)\DBank\ClickUp;D:\Java\jdk1.7.0_21\bin;D:\android\android-sdk-windows\build-tools\21.1.1
USERNAME=zhangwei
OS=Windows_NT
PROCESSOR_IDENTIFIER=Intel64 Family 6 Model 58 Stepping 9, GenuineIntel



---------------  S Y S T E M  ---------------

OS: Windows 7 , 64 bit Build 7601 Service Pack 1

CPU:total 4 (2 cores per cpu, 2 threads per core) family 6 model 58 stepping 9, cmov, cx8, fxsr, mmx, sse, sse2, sse3, ssse3, sse4.1, sse4.2, popcnt, avx, ht, tsc, tscinvbit, tscinv

Memory: 4k page, physical 8232356k(1901624k free), swap 9848068k(5132k free)

vm_info: Java HotSpot(TM) 64-Bit Server VM (23.21-b01) for windows-amd64 JRE (1.7.0_21-b11), built on Apr  4 2013 08:11:28 by "java_re" with unknown MS VC++:1600

time: Mon Jan 18 16:26:40 2016
elapsed time: 17 seconds

