Selected: Open
[root, Enums]
[root, Enums, Main.smali]
Activated: after: null
Exception in thread "AWT-EventQueue-0" java.lang.NullPointerException
	at java.util.regex.Matcher.appendReplacement(Unknown Source)
	at java.util.regex.Matcher.replaceAll(Unknown Source)
	at java.lang.String.replaceAll(Unknown Source)
	at com.zhangwei.smali.api.SmaliEntry.renameClassVar(SmaliEntry.java:54)
	at com.zhangwei.ui.jtree.SmaliLoader.renameClass(SmaliLoader.java:48)
	at com.zhangwei.ui.jtree.TreePane$2.actionPerformed(TreePane.java:128)
	at javax.swing.SwingUtilities.notifyAction(Unknown Source)
	at javax.swing.JComponent.processKeyBinding(Unknown Source)
	at javax.swing.JComponent.processKeyBindings(Unknown Source)
	at javax.swing.JComponent.processKeyEvent(Unknown Source)
	at java.awt.Component.processEvent(Unknown Source)
	at java.awt.Container.processEvent(Unknown Source)
	at java.awt.Component.dispatchEventImpl(Unknown Source)
	at java.awt.Container.dispatchEventImpl(Unknown Source)
	at java.awt.Component.dispatchEvent(Unknown Source)
	at java.awt.KeyboardFocusManager.redispatchEvent(Unknown Source)
	at java.awt.DefaultKeyboardFocusManager.dispatchKeyEvent(Unknown Source)
	at java.awt.DefaultKeyboardFocusManager.preDispatchKeyEvent(Unknown Source)
	at java.awt.DefaultKeyboardFocusManager.typeAheadAssertions(Unknown Source)
	at java.awt.DefaultKeyboardFocusManager.dispatchEvent(Unknown Source)
	at java.awt.Component.dispatchEventImpl(Unknown Source)
	at java.awt.Container.dispatchEventImpl(Unknown Source)
	at java.awt.Window.dispatchEventImpl(Unknown Source)
	at java.awt.Component.dispatchEvent(Unknown Source)
	at java.awt.EventQueue.dispatchEventImpl(Unknown Source)
	at java.awt.EventQueue.access$200(Unknown Source)
	at java.awt.EventQueue$3.run(Unknown Source)
	at java.awt.EventQueue$3.run(Unknown Source)
	at java.security.AccessController.doPrivileged(Native Method)
	at java.security.ProtectionDomain$1.doIntersectionPrivilege(Unknown Source)
	at java.security.ProtectionDomain$1.doIntersectionPrivilege(Unknown Source)
	at java.awt.EventQueue$4.run(Unknown Source)
	at java.awt.EventQueue$4.run(Unknown Source)
	at java.security.AccessController.doPrivileged(Native Method)
	at java.security.ProtectionDomain$1.doIntersectionPrivilege(Unknown Source)
	at java.awt.EventQueue.dispatchEvent(Unknown Source)
	at java.awt.EventDispatchThread.pumpOneEventForFilters(Unknown Source)
	at java.awt.EventDispatchThread.pumpEventsForFilter(Unknown Source)
	at java.awt.EventDispatchThread.pumpEventsForHierarchy(Unknown Source)
	at java.awt.EventDispatchThread.pumpEvents(Unknown Source)
	at java.awt.EventDispatchThread.pumpEvents(Unknown Source)
	at java.awt.EventDispatchThread.run(Unknown Source)
[root, HelloWorld]
